<?xml version="1.0" encoding="UTF-8"?>
<!-- Generated by org.testng.reporters.JUnitReportReporter -->
<testsuite hostname="DESKTOP-MA8M88E" failures="0" tests="2" name="test_Packages.DeltaLargerThanZero" time="0.009" errors="0" timestamp="2021-10-02T23:48:57 ICT" skipped="0">
  <testcase classname="test_Packages.DeltaLargerThanZero" name="checkDelta" time="0.008"/>
  <system-out/>
  <testcase classname="test_Packages.DeltaLargerThanZero" name="delta_larger_than_0" time="0.001"/>
  <system-out/>
</testsuite> <!-- test_Packages.DeltaLargerThanZero -->
