<?xml version="1.0" encoding="UTF-8"?>
<!-- Generated by org.testng.reporters.JUnitReportReporter -->
<testsuite hostname="DESKTOP-MA8M88E" failures="0" tests="2" name="test_Packages.DeltaEqualZero" time="0.012" errors="0" timestamp="2021-10-02T23:45:45 ICT" skipped="0">
  <testcase classname="test_Packages.DeltaEqualZero" name="delta_equal_0" time="0.011"/>
  <system-out/>
  <testcase classname="test_Packages.DeltaEqualZero" name="delta_equal_0" time="0.001"/>
  <system-out/>
</testsuite> <!-- test_Packages.DeltaEqualZero -->
